# JRE version: Java(TM) SE Runtime Environment (17.0.12+8) (build 17.0.12+8-LTS-286)
# Java VM: Java HotSpot(TM) 64-Bit Server VM (17.0.12+8-LTS-286, mixed mode, sharing, tiered, compressed oops, compressed class ptrs, g1 gc, windows-amd64)
GC Precious Log:
 CPUs: 8 total, 8 available
 Memory: 16264M
 Large Page Support: Disabled
 NUMA Support: Disabled
 Compressed Oops: Enabled (Zero based)
 Heap Region Size: 2M
 Heap Min Capacity: 8M
 Heap Initial Capacity: 256M
 Heap Max Capacity: 4068M
 Pre-touch: Disabled
 Parallel Workers: 8
 Concurrent Workers: 2
 Concurrent Refinement Workers: 8
 Periodic GC: Disabled
Heap:
 garbage-first heap   total 161792K, used 76970K [0x0000000701c00000, 0x0000000800000000)
  region size 2048K, 12 young (24576K), 4 survivors (8192K)
 Metaspace       used 61212K, committed 61504K, reserved 1114112K
  class space    used 6989K, committed 7104K, reserved 1048576K
GC Heap History (20 events):
Event: 2.610 GC heap before
{Heap before GC invocations=3 (full 0):
 garbage-first heap   total 262144K, used 31167K [0x0000000701c00000, 0x0000000800000000)
  region size 2048K, 10 young (20480K), 1 survivors (2048K)
 Metaspace       used 21337K, committed 21504K, reserved 1114112K
  class space    used 2814K, committed 2880K, reserved 1048576K
}
Event: 2.613 GC heap after
{Heap after GC invocations=4 (full 0):
 garbage-first heap   total 262144K, used 15241K [0x0000000701c00000, 0x0000000800000000)
  region size 2048K, 1 young (2048K), 1 survivors (2048K)
 Metaspace       used 21337K, committed 21504K, reserved 1114112K
  class space    used 2814K, committed 2880K, reserved 1048576K
}
Event: 5.198 GC heap before
{Heap before GC invocations=5 (full 0):
 garbage-first heap   total 61440K, used 48009K [0x0000000701c00000, 0x0000000800000000)
  region size 2048K, 18 young (36864K), 1 survivors (2048K)
 Metaspace       used 28307K, committed 28480K, reserved 1114112K
  class space    used 3527K, committed 3584K, reserved 1048576K
}
Event: 5.206 GC heap after
{Heap after GC invocations=6 (full 0):
 garbage-first heap   total 61440K, used 18149K [0x0000000701c00000, 0x0000000800000000)
  region size 2048K, 3 young (6144K), 3 survivors (6144K)
 Metaspace       used 28307K, committed 28480K, reserved 1114112K
  class space    used 3527K, committed 3584K, reserved 1048576K
}
Event: 5.506 GC heap before
{Heap before GC invocations=6 (full 0):
 garbage-first heap   total 61440K, used 20197K [0x0000000701c00000, 0x0000000800000000)
  region size 2048K, 4 young (8192K), 3 survivors (6144K)
 Metaspace       used 28900K, committed 29056K, reserved 1114112K
  class space    used 3599K, committed 3648K, reserved 1048576K
}
Event: 5.515 GC heap after
{Heap after GC invocations=7 (full 0):
 garbage-first heap   total 61440K, used 18410K [0x0000000701c00000, 0x0000000800000000)
  region size 2048K, 1 young (2048K), 1 survivors (2048K)
 Metaspace       used 28900K, committed 29056K, reserved 1114112K
  class space    used 3599K, committed 3648K, reserved 1048576K
}
Event: 8.238 GC heap before
{Heap before GC invocations=7 (full 0):
 garbage-first heap   total 61440K, used 40938K [0x0000000701c00000, 0x0000000800000000)
  region size 2048K, 13 young (26624K), 1 survivors (2048K)
 Metaspace       used 34370K, committed 34624K, reserved 1114112K
  class space    used 4161K, committed 4288K, reserved 1048576K
}
Event: 8.245 GC heap after
{Heap after GC invocations=8 (full 0):
 garbage-first heap   total 61440K, used 19895K [0x0000000701c00000, 0x0000000800000000)
  region size 2048K, 2 young (4096K), 2 survivors (4096K)
 Metaspace       used 34370K, committed 34624K, reserved 1114112K
  class space    used 4161K, committed 4288K, reserved 1048576K
}
Event: 10.260 GC heap before
{Heap before GC invocations=9 (full 0):
 garbage-first heap   total 61440K, used 40375K [0x0000000701c00000, 0x0000000800000000)
  region size 2048K, 13 young (26624K), 2 survivors (4096K)
 Metaspace       used 40690K, committed 41024K, reserved 1114112K
  class space    used 4969K, committed 5120K, reserved 1048576K
}
Event: 10.269 GC heap after
{Heap after GC invocations=10 (full 0):
 garbage-first heap   total 61440K, used 21612K [0x0000000701c00000, 0x0000000800000000)
  region size 2048K, 2 young (4096K), 2 survivors (4096K)
 Metaspace       used 40690K, committed 41024K, reserved 1114112K
  class space    used 4969K, committed 5120K, reserved 1048576K
}
Event: 12.094 GC heap before
{Heap before GC invocations=10 (full 0):
 garbage-first heap   total 61440K, used 46188K [0x0000000701c00000, 0x0000000800000000)
  region size 2048K, 14 young (28672K), 2 survivors (4096K)
 Metaspace       used 43022K, committed 43328K, reserved 1114112K
  class space    used 5169K, committed 5312K, reserved 1048576K
}
Event: 12.115 GC heap after
{Heap after GC invocations=11 (full 0):
 garbage-first heap   total 61440K, used 27532K [0x0000000701c00000, 0x0000000800000000)
  region size 2048K, 2 young (4096K), 2 survivors (4096K)
 Metaspace       used 43022K, committed 43328K, reserved 1114112K
  class space    used 5169K, committed 5312K, reserved 1048576K
}
Event: 12.320 GC heap before
{Heap before GC invocations=11 (full 0):
 garbage-first heap   total 61440K, used 43916K [0x0000000701c00000, 0x0000000800000000)
  region size 2048K, 10 young (20480K), 2 survivors (4096K)
 Metaspace       used 43074K, committed 43328K, reserved 1114112K
  class space    used 5169K, committed 5312K, reserved 1048576K
}
Event: 12.339 GC heap after
{Heap after GC invocations=12 (full 0):
 garbage-first heap   total 161792K, used 34327K [0x0000000701c00000, 0x0000000800000000)
  region size 2048K, 2 young (4096K), 2 survivors (4096K)
 Metaspace       used 43074K, committed 43328K, reserved 1114112K
  class space    used 5169K, committed 5312K, reserved 1048576K
}
Event: 18.326 GC heap before
{Heap before GC invocations=12 (full 0):
 garbage-first heap   total 161792K, used 103959K [0x0000000701c00000, 0x0000000800000000)
  region size 2048K, 36 young (73728K), 2 survivors (4096K)
 Metaspace       used 51187K, committed 51520K, reserved 1114112K
  class space    used 6161K, committed 6336K, reserved 1048576K
}
Event: 18.354 GC heap after
{Heap after GC invocations=13 (full 0):
 garbage-first heap   total 161792K, used 47437K [0x0000000701c00000, 0x0000000800000000)
  region size 2048K, 5 young (10240K), 5 survivors (10240K)
 Metaspace       used 51187K, committed 51520K, reserved 1114112K
  class space    used 6161K, committed 6336K, reserved 1048576K
}
Event: 23.897 GC heap before
{Heap before GC invocations=13 (full 0):
 garbage-first heap   total 161792K, used 100685K [0x0000000701c00000, 0x0000000800000000)
  region size 2048K, 31 young (63488K), 5 survivors (10240K)
 Metaspace       used 55987K, committed 56320K, reserved 1114112K
  class space    used 6532K, committed 6656K, reserved 1048576K
}
Event: 23.925 GC heap after
{Heap after GC invocations=14 (full 0):
 garbage-first heap   total 161792K, used 56132K [0x0000000701c00000, 0x0000000800000000)
  region size 2048K, 4 young (8192K), 4 survivors (8192K)
 Metaspace       used 55987K, committed 56320K, reserved 1114112K
  class space    used 6532K, committed 6656K, reserved 1048576K
}
Event: 27.658 GC heap before
{Heap before GC invocations=14 (full 0):
 garbage-first heap   total 161792K, used 105284K [0x0000000701c00000, 0x0000000800000000)
  region size 2048K, 29 young (59392K), 4 survivors (8192K)
 Metaspace       used 57927K, committed 58176K, reserved 1114112K
  class space    used 6669K, committed 6784K, reserved 1048576K
}
Event: 27.684 GC heap after
{Heap after GC invocations=15 (full 0):
 garbage-first heap   total 161792K, used 64682K [0x0000000701c00000, 0x0000000800000000)
  region size 2048K, 4 young (8192K), 4 survivors (8192K)
 Metaspace       used 57927K, committed 58176K, reserved 1114112K
  class space    used 6669K, committed 6784K, reserved 1048576K
}

