# JRE version: Java(TM) SE Runtime Environment (17.0.12+8) (build 17.0.12+8-LTS-286)
# Java VM: Java HotSpot(TM) 64-Bit Server VM (17.0.12+8-LTS-286, mixed mode, sharing, tiered, compressed oops, compressed class ptrs, g1 gc, windows-amd64)
GC Precious Log:
 CPUs: 8 total, 8 available
 Memory: 16264M
 Large Page Support: Disabled
 NUMA Support: Disabled
 Compressed Oops: Enabled (Zero based)
 Heap Region Size: 2M
 Heap Min Capacity: 8M
 Heap Initial Capacity: 256M
 Heap Max Capacity: 4068M
 Pre-touch: Disabled
 Parallel Workers: 8
 Concurrent Workers: 2
 Concurrent Refinement Workers: 8
 Periodic GC: Disabled
Heap:
 garbage-first heap   total 112640K, used 66226K [0x0000000701c00000, 0x0000000800000000)
  region size 2048K, 2 young (4096K), 2 survivors (4096K)
 Metaspace       used 48740K, committed 49024K, reserved 1114112K
  class space    used 5624K, committed 5760K, reserved 1048576K
GC Heap History (20 events):
Event: 5.789 GC heap after
{Heap after GC invocations=3 (full 0):
 garbage-first heap   total 262144K, used 15023K [0x0000000701c00000, 0x0000000800000000)
  region size 2048K, 1 young (2048K), 1 survivors (2048K)
 Metaspace       used 14309K, committed 14592K, reserved 1114112K
  class space    used 1537K, committed 1664K, reserved 1048576K
}
Event: 7.769 GC heap before
{Heap before GC invocations=3 (full 0):
 garbage-first heap   total 262144K, used 37551K [0x0000000701c00000, 0x0000000800000000)
  region size 2048K, 13 young (26624K), 1 survivors (2048K)
 Metaspace       used 21349K, committed 21504K, reserved 1114112K
  class space    used 2802K, committed 2880K, reserved 1048576K
}
Event: 7.773 GC heap after
{Heap after GC invocations=4 (full 0):
 garbage-first heap   total 262144K, used 15863K [0x0000000701c00000, 0x0000000800000000)
  region size 2048K, 2 young (4096K), 2 survivors (4096K)
 Metaspace       used 21349K, committed 21504K, reserved 1114112K
  class space    used 2802K, committed 2880K, reserved 1048576K
}
Event: 10.376 GC heap before
{Heap before GC invocations=5 (full 0):
 garbage-first heap   total 69632K, used 50679K [0x0000000701c00000, 0x0000000800000000)
  region size 2048K, 20 young (40960K), 2 survivors (4096K)
 Metaspace       used 28973K, committed 29120K, reserved 1114112K
  class space    used 3597K, committed 3648K, reserved 1048576K
}
Event: 10.386 GC heap after
{Heap after GC invocations=6 (full 0):
 garbage-first heap   total 69632K, used 18802K [0x0000000701c00000, 0x0000000800000000)
  region size 2048K, 3 young (6144K), 3 survivors (6144K)
 Metaspace       used 28973K, committed 29120K, reserved 1114112K
  class space    used 3597K, committed 3648K, reserved 1048576K
}
Event: 10.789 GC heap before
{Heap before GC invocations=6 (full 0):
 garbage-first heap   total 69632K, used 20850K [0x0000000701c00000, 0x0000000800000000)
  region size 2048K, 4 young (8192K), 3 survivors (6144K)
 Metaspace       used 29348K, committed 29568K, reserved 1114112K
  class space    used 3633K, committed 3712K, reserved 1048576K
}
Event: 10.799 GC heap after
{Heap after GC invocations=7 (full 0):
 garbage-first heap   total 69632K, used 19159K [0x0000000701c00000, 0x0000000800000000)
  region size 2048K, 1 young (2048K), 1 survivors (2048K)
 Metaspace       used 29348K, committed 29568K, reserved 1114112K
  class space    used 3633K, committed 3712K, reserved 1048576K
}
Event: 12.925 GC heap before
{Heap before GC invocations=7 (full 0):
 garbage-first heap   total 69632K, used 43735K [0x0000000701c00000, 0x0000000800000000)
  region size 2048K, 14 young (28672K), 1 survivors (2048K)
 Metaspace       used 31252K, committed 31552K, reserved 1114112K
  class space    used 3749K, committed 3904K, reserved 1048576K
}
Event: 12.942 GC heap after
{Heap after GC invocations=8 (full 0):
 garbage-first heap   total 112640K, used 25875K [0x0000000701c00000, 0x0000000800000000)
  region size 2048K, 2 young (4096K), 2 survivors (4096K)
 Metaspace       used 31252K, committed 31552K, reserved 1114112K
  class space    used 3749K, committed 3904K, reserved 1048576K
}
Event: 16.034 GC heap before
{Heap before GC invocations=8 (full 0):
 garbage-first heap   total 112640K, used 70931K [0x0000000701c00000, 0x0000000800000000)
  region size 2048K, 26 young (53248K), 2 survivors (4096K)
 Metaspace       used 36130K, committed 36416K, reserved 1114112K
  class space    used 4244K, committed 4352K, reserved 1048576K
}
Event: 16.065 GC heap after
{Heap after GC invocations=9 (full 0):
 garbage-first heap   total 112640K, used 35143K [0x0000000701c00000, 0x0000000800000000)
  region size 2048K, 4 young (8192K), 4 survivors (8192K)
 Metaspace       used 36130K, committed 36416K, reserved 1114112K
  class space    used 4244K, committed 4352K, reserved 1048576K
}
Event: 19.212 GC heap before
{Heap before GC invocations=10 (full 0):
 garbage-first heap   total 112640K, used 74055K [0x0000000701c00000, 0x0000000800000000)
  region size 2048K, 23 young (47104K), 4 survivors (8192K)
 Metaspace       used 43906K, committed 44160K, reserved 1114112K
  class space    used 5198K, committed 5312K, reserved 1048576K
}
Event: 19.243 GC heap after
{Heap after GC invocations=11 (full 0):
 garbage-first heap   total 112640K, used 41175K [0x0000000701c00000, 0x0000000800000000)
  region size 2048K, 3 young (6144K), 3 survivors (6144K)
 Metaspace       used 43906K, committed 44160K, reserved 1114112K
  class space    used 5198K, committed 5312K, reserved 1048576K
}
Event: 19.382 GC heap before
{Heap before GC invocations=11 (full 0):
 garbage-first heap   total 112640K, used 43223K [0x0000000701c00000, 0x0000000800000000)
  region size 2048K, 4 young (8192K), 3 survivors (6144K)
 Metaspace       used 43997K, committed 44288K, reserved 1114112K
  class space    used 5202K, committed 5312K, reserved 1048576K
}
Event: 19.400 GC heap after
{Heap after GC invocations=12 (full 0):
 garbage-first heap   total 112640K, used 41911K [0x0000000701c00000, 0x0000000800000000)
  region size 2048K, 1 young (2048K), 1 survivors (2048K)
 Metaspace       used 43997K, committed 44288K, reserved 1114112K
  class space    used 5202K, committed 5312K, reserved 1048576K
}
Event: 20.868 GC heap before
{Heap before GC invocations=12 (full 0):
 garbage-first heap   total 112640K, used 78775K [0x0000000701c00000, 0x0000000800000000)
  region size 2048K, 19 young (38912K), 1 survivors (2048K)
 Metaspace       used 44653K, committed 44928K, reserved 1114112K
  class space    used 5222K, committed 5376K, reserved 1048576K
}
Event: 20.891 GC heap after
{Heap after GC invocations=13 (full 0):
 garbage-first heap   total 112640K, used 54518K [0x0000000701c00000, 0x0000000800000000)
  region size 2048K, 3 young (6144K), 3 survivors (6144K)
 Metaspace       used 44653K, committed 44928K, reserved 1114112K
  class space    used 5222K, committed 5376K, reserved 1048576K
}
Event: 23.077 GC heap before
{Heap before GC invocations=13 (full 0):
 garbage-first heap   total 112640K, used 81142K [0x0000000701c00000, 0x0000000800000000)
  region size 2048K, 16 young (32768K), 3 survivors (6144K)
 Metaspace       used 45688K, committed 45888K, reserved 1114112K
  class space    used 5276K, committed 5376K, reserved 1048576K
}
Event: 23.100 GC heap after
{Heap after GC invocations=14 (full 0):
 garbage-first heap   total 112640K, used 60615K [0x0000000701c00000, 0x0000000800000000)
  region size 2048K, 2 young (4096K), 2 survivors (4096K)
 Metaspace       used 45688K, committed 45888K, reserved 1114112K
  class space    used 5276K, committed 5376K, reserved 1048576K
}
Event: 25.795 GC heap before
{Heap before GC invocations=14 (full 0):
 garbage-first heap   total 112640K, used 83143K [0x0000000701c00000, 0x0000000800000000)
  region size 2048K, 13 young (26624K), 2 survivors (4096K)
 Metaspace       used 48740K, committed 49024K, reserved 1114112K
  class space    used 5624K, committed 5760K, reserved 1048576K
}

