# JRE version: Java(TM) SE Runtime Environment (17.0.12+8) (build 17.0.12+8-LTS-286)
# Java VM: Java HotSpot(TM) 64-Bit Server VM (17.0.12+8-LTS-286, mixed mode, sharing, tiered, compressed oops, compressed class ptrs, g1 gc, windows-amd64)
GC Precious Log:
 CPUs: 8 total, 8 available
 Memory: 16264M
 Large Page Support: Disabled
 NUMA Support: Disabled
 Compressed Oops: Enabled (Zero based)
 Heap Region Size: 2M
 Heap Min Capacity: 8M
 Heap Initial Capacity: 256M
 Heap Max Capacity: 4068M
 Pre-touch: Disabled
 Parallel Workers: 8
 Concurrent Workers: 2
 Concurrent Refinement Workers: 8
 Periodic GC: Disabled
Heap:
 garbage-first heap   total 184320K, used 143944K [0x0000000701c00000, 0x0000000800000000)
  region size 2048K, 18 young (36864K), 3 survivors (6144K)
 Metaspace       used 62607K, committed 62912K, reserved 1114112K
  class space    used 6728K, committed 6848K, reserved 1048576K
GC Heap History (20 events):
Event: 27.971 GC heap before
{Heap before GC invocations=17 (full 0):
 garbage-first heap   total 169984K, used 127410K [0x0000000701c00000, 0x0000000800000000)
  region size 2048K, 22 young (45056K), 3 survivors (6144K)
 Metaspace       used 56863K, committed 57216K, reserved 1114112K
  class space    used 6347K, committed 6528K, reserved 1048576K
}
Event: 27.992 GC heap after
{Heap after GC invocations=18 (full 0):
 garbage-first heap   total 169984K, used 93245K [0x0000000701c00000, 0x0000000800000000)
  region size 2048K, 2 young (4096K), 2 survivors (4096K)
 Metaspace       used 56863K, committed 57216K, reserved 1114112K
  class space    used 6347K, committed 6528K, reserved 1048576K
}
Event: 30.986 GC heap before
{Heap before GC invocations=19 (full 0):
 garbage-first heap   total 169984K, used 132157K [0x0000000701c00000, 0x0000000800000000)
  region size 2048K, 21 young (43008K), 2 survivors (4096K)
 Metaspace       used 57225K, committed 57600K, reserved 1114112K
  class space    used 6352K, committed 6528K, reserved 1048576K
}
Event: 31.003 GC heap after
{Heap after GC invocations=20 (full 0):
 garbage-first heap   total 169984K, used 98323K [0x0000000701c00000, 0x0000000800000000)
  region size 2048K, 3 young (6144K), 3 survivors (6144K)
 Metaspace       used 57225K, committed 57600K, reserved 1114112K
  class space    used 6352K, committed 6528K, reserved 1048576K
}
Event: 31.042 GC heap before
{Heap before GC invocations=20 (full 0):
 garbage-first heap   total 169984K, used 100371K [0x0000000701c00000, 0x0000000800000000)
  region size 2048K, 4 young (8192K), 3 survivors (6144K)
 Metaspace       used 57232K, committed 57600K, reserved 1114112K
  class space    used 6352K, committed 6528K, reserved 1048576K
}
Event: 31.053 GC heap after
{Heap after GC invocations=21 (full 0):
 garbage-first heap   total 169984K, used 98589K [0x0000000701c00000, 0x0000000800000000)
  region size 2048K, 1 young (2048K), 1 survivors (2048K)
 Metaspace       used 57232K, committed 57600K, reserved 1114112K
  class space    used 6352K, committed 6528K, reserved 1048576K
}
Event: 33.446 GC heap before
{Heap before GC invocations=21 (full 0):
 garbage-first heap   total 169984K, used 133405K [0x0000000701c00000, 0x0000000800000000)
  region size 2048K, 18 young (36864K), 1 survivors (2048K)
 Metaspace       used 57799K, committed 58112K, reserved 1114112K
  class space    used 6376K, committed 6528K, reserved 1048576K
}
Event: 33.457 GC heap after
{Heap after GC invocations=22 (full 0):
 garbage-first heap   total 169984K, used 101154K [0x0000000701c00000, 0x0000000800000000)
  region size 2048K, 2 young (4096K), 2 survivors (4096K)
 Metaspace       used 57799K, committed 58112K, reserved 1114112K
  class space    used 6376K, committed 6528K, reserved 1048576K
}
Event: 36.971 GC heap before
{Heap before GC invocations=23 (full 0):
 garbage-first heap   total 174080K, used 133922K [0x0000000701c00000, 0x0000000800000000)
  region size 2048K, 18 young (36864K), 2 survivors (4096K)
 Metaspace       used 58046K, committed 58368K, reserved 1114112K
  class space    used 6390K, committed 6528K, reserved 1048576K
}
Event: 36.983 GC heap after
{Heap after GC invocations=24 (full 0):
 garbage-first heap   total 174080K, used 103788K [0x0000000701c00000, 0x0000000800000000)
  region size 2048K, 3 young (6144K), 3 survivors (6144K)
 Metaspace       used 58046K, committed 58368K, reserved 1114112K
  class space    used 6390K, committed 6528K, reserved 1048576K
}
Event: 37.156 GC heap before
{Heap before GC invocations=24 (full 0):
 garbage-first heap   total 174080K, used 105836K [0x0000000701c00000, 0x0000000800000000)
  region size 2048K, 4 young (8192K), 3 survivors (6144K)
 Metaspace       used 58062K, committed 58368K, reserved 1114112K
  class space    used 6390K, committed 6528K, reserved 1048576K
}
Event: 37.165 GC heap after
{Heap after GC invocations=25 (full 0):
 garbage-first heap   total 174080K, used 103882K [0x0000000701c00000, 0x0000000800000000)
  region size 2048K, 1 young (2048K), 1 survivors (2048K)
 Metaspace       used 58062K, committed 58368K, reserved 1114112K
  class space    used 6390K, committed 6528K, reserved 1048576K
}
Event: 40.827 GC heap before
{Heap before GC invocations=25 (full 0):
 garbage-first heap   total 174080K, used 138698K [0x0000000701c00000, 0x0000000800000000)
  region size 2048K, 18 young (36864K), 1 survivors (2048K)
 Metaspace       used 58377K, committed 58752K, reserved 1114112K
  class space    used 6415K, committed 6592K, reserved 1048576K
}
Event: 40.834 GC heap after
{Heap after GC invocations=26 (full 0):
 garbage-first heap   total 174080K, used 105757K [0x0000000701c00000, 0x0000000800000000)
  region size 2048K, 2 young (4096K), 2 survivors (4096K)
 Metaspace       used 58377K, committed 58752K, reserved 1114112K
  class space    used 6415K, committed 6592K, reserved 1048576K
}
Event: 43.128 GC heap before
{Heap before GC invocations=27 (full 0):
 garbage-first heap   total 184320K, used 140573K [0x0000000701c00000, 0x0000000800000000)
  region size 2048K, 19 young (38912K), 2 survivors (4096K)
 Metaspace       used 58593K, committed 58944K, reserved 1114112K
  class space    used 6426K, committed 6592K, reserved 1048576K
}
Event: 43.140 GC heap after
{Heap after GC invocations=28 (full 0):
 garbage-first heap   total 184320K, used 110923K [0x0000000701c00000, 0x0000000800000000)
  region size 2048K, 3 young (6144K), 3 survivors (6144K)
 Metaspace       used 58593K, committed 58944K, reserved 1114112K
  class space    used 6426K, committed 6592K, reserved 1048576K
}
Event: 43.218 GC heap before
{Heap before GC invocations=28 (full 0):
 garbage-first heap   total 184320K, used 112971K [0x0000000701c00000, 0x0000000800000000)
  region size 2048K, 4 young (8192K), 3 survivors (6144K)
 Metaspace       used 58594K, committed 58944K, reserved 1114112K
  class space    used 6426K, committed 6592K, reserved 1048576K
}
Event: 43.232 GC heap after
{Heap after GC invocations=29 (full 0):
 garbage-first heap   total 184320K, used 111404K [0x0000000701c00000, 0x0000000800000000)
  region size 2048K, 1 young (2048K), 1 survivors (2048K)
 Metaspace       used 58594K, committed 58944K, reserved 1114112K
  class space    used 6426K, committed 6592K, reserved 1048576K
}
Event: 44.903 GC heap before
{Heap before GC invocations=29 (full 0):
 garbage-first heap   total 184320K, used 150316K [0x0000000701c00000, 0x0000000800000000)
  region size 2048K, 20 young (40960K), 1 survivors (2048K)
 Metaspace       used 60062K, committed 60416K, reserved 1114112K
  class space    used 6555K, committed 6720K, reserved 1048576K
}
Event: 44.911 GC heap after
{Heap after GC invocations=30 (full 0):
 garbage-first heap   total 184320K, used 115272K [0x0000000701c00000, 0x0000000800000000)
  region size 2048K, 3 young (6144K), 3 survivors (6144K)
 Metaspace       used 60062K, committed 60416K, reserved 1114112K
  class space    used 6555K, committed 6720K, reserved 1048576K
}

