# JRE version: Java(TM) SE Runtime Environment (17.0.12+8) (build 17.0.12+8-LTS-286)
# Java VM: Java HotSpot(TM) 64-Bit Server VM (17.0.12+8-LTS-286, mixed mode, sharing, tiered, compressed oops, compressed class ptrs, g1 gc, windows-amd64)
GC Precious Log:
 CPUs: 8 total, 8 available
 Memory: 16264M
 Large Page Support: Disabled
 NUMA Support: Disabled
 Compressed Oops: Enabled (Zero based)
 Heap Region Size: 2M
 Heap Min Capacity: 8M
 Heap Initial Capacity: 256M
 Heap Max Capacity: 4068M
 Pre-touch: Disabled
 Parallel Workers: 8
 Concurrent Workers: 2
 Concurrent Refinement Workers: 8
 Periodic GC: Disabled
Heap:
 garbage-first heap   total 90112K, used 64614K [0x0000000701c00000, 0x0000000800000000)
  region size 2048K, 7 young (14336K), 1 survivors (2048K)
 Metaspace       used 45297K, committed 45568K, reserved 1114112K
  class space    used 5270K, committed 5376K, reserved 1048576K
GC Heap History (20 events):
Event: 8.340 GC heap before
{Heap before GC invocations=5 (full 0):
 garbage-first heap   total 69632K, used 52840K [0x0000000701c00000, 0x0000000800000000)
  region size 2048K, 21 young (43008K), 2 survivors (4096K)
 Metaspace       used 29548K, committed 29760K, reserved 1114112K
  class space    used 3629K, committed 3712K, reserved 1048576K
}
Event: 8.346 GC heap after
{Heap after GC invocations=6 (full 0):
 garbage-first heap   total 69632K, used 19128K [0x0000000701c00000, 0x0000000800000000)
  region size 2048K, 3 young (6144K), 3 survivors (6144K)
 Metaspace       used 29548K, committed 29760K, reserved 1114112K
  class space    used 3629K, committed 3712K, reserved 1048576K
}
Event: 8.657 GC heap before
{Heap before GC invocations=6 (full 0):
 garbage-first heap   total 69632K, used 21176K [0x0000000701c00000, 0x0000000800000000)
  region size 2048K, 4 young (8192K), 3 survivors (6144K)
 Metaspace       used 29882K, committed 30080K, reserved 1114112K
  class space    used 3655K, committed 3712K, reserved 1048576K
}
Event: 8.668 GC heap after
{Heap after GC invocations=7 (full 0):
 garbage-first heap   total 69632K, used 20020K [0x0000000701c00000, 0x0000000800000000)
  region size 2048K, 1 young (2048K), 1 survivors (2048K)
 Metaspace       used 29882K, committed 30080K, reserved 1114112K
  class space    used 3655K, committed 3712K, reserved 1048576K
}
Event: 11.484 GC heap before
{Heap before GC invocations=7 (full 0):
 garbage-first heap   total 69632K, used 46644K [0x0000000701c00000, 0x0000000800000000)
  region size 2048K, 14 young (28672K), 1 survivors (2048K)
 Metaspace       used 31364K, committed 31616K, reserved 1114112K
  class space    used 3749K, committed 3840K, reserved 1048576K
}
Event: 11.503 GC heap after
{Heap after GC invocations=8 (full 0):
 garbage-first heap   total 69632K, used 26429K [0x0000000701c00000, 0x0000000800000000)
  region size 2048K, 2 young (4096K), 2 survivors (4096K)
 Metaspace       used 31364K, committed 31616K, reserved 1114112K
  class space    used 3749K, committed 3840K, reserved 1048576K
}
Event: 12.954 GC heap before
{Heap before GC invocations=8 (full 0):
 garbage-first heap   total 69632K, used 44861K [0x0000000701c00000, 0x0000000800000000)
  region size 2048K, 12 young (24576K), 2 survivors (4096K)
 Metaspace       used 31794K, committed 32000K, reserved 1114112K
  class space    used 3778K, committed 3840K, reserved 1048576K
}
Event: 12.983 GC heap after
{Heap after GC invocations=9 (full 0):
 garbage-first heap   total 69632K, used 32157K [0x0000000701c00000, 0x0000000800000000)
  region size 2048K, 2 young (4096K), 2 survivors (4096K)
 Metaspace       used 31794K, committed 32000K, reserved 1114112K
  class space    used 3778K, committed 3840K, reserved 1048576K
}
Event: 14.762 GC heap before
{Heap before GC invocations=9 (full 0):
 garbage-first heap   total 69632K, used 46493K [0x0000000701c00000, 0x0000000800000000)
  region size 2048K, 10 young (20480K), 2 survivors (4096K)
 Metaspace       used 34931K, committed 35200K, reserved 1114112K
  class space    used 4116K, committed 4288K, reserved 1048576K
}
Event: 14.780 GC heap after
{Heap after GC invocations=10 (full 0):
 garbage-first heap   total 69632K, used 34816K [0x0000000701c00000, 0x0000000800000000)
  region size 2048K, 1 young (2048K), 1 survivors (2048K)
 Metaspace       used 34931K, committed 35200K, reserved 1114112K
  class space    used 4116K, committed 4288K, reserved 1048576K
}
Event: 15.473 GC heap before
{Heap before GC invocations=10 (full 0):
 garbage-first heap   total 69632K, used 43008K [0x0000000701c00000, 0x0000000800000000)
  region size 2048K, 6 young (12288K), 1 survivors (2048K)
 Metaspace       used 36172K, committed 36416K, reserved 1114112K
  class space    used 4240K, committed 4352K, reserved 1048576K
}
Event: 15.484 GC heap after
{Heap after GC invocations=11 (full 0):
 garbage-first heap   total 83968K, used 35492K [0x0000000701c00000, 0x0000000800000000)
  region size 2048K, 2 young (4096K), 2 survivors (4096K)
 Metaspace       used 36172K, committed 36416K, reserved 1114112K
  class space    used 4240K, committed 4352K, reserved 1048576K
}
Event: 17.471 GC heap before
{Heap before GC invocations=12 (full 0):
 garbage-first heap   total 83968K, used 58020K [0x0000000701c00000, 0x0000000800000000)
  region size 2048K, 14 young (28672K), 2 survivors (4096K)
 Metaspace       used 40040K, committed 40256K, reserved 1114112K
  class space    used 4690K, committed 4800K, reserved 1048576K
}
Event: 17.488 GC heap after
{Heap after GC invocations=13 (full 0):
 garbage-first heap   total 83968K, used 38670K [0x0000000701c00000, 0x0000000800000000)
  region size 2048K, 2 young (4096K), 2 survivors (4096K)
 Metaspace       used 40040K, committed 40256K, reserved 1114112K
  class space    used 4690K, committed 4800K, reserved 1048576K
}
Event: 19.955 GC heap before
{Heap before GC invocations=13 (full 0):
 garbage-first heap   total 83968K, used 61198K [0x0000000701c00000, 0x0000000800000000)
  region size 2048K, 13 young (26624K), 2 survivors (4096K)
 Metaspace       used 44470K, committed 44736K, reserved 1114112K
  class space    used 5217K, committed 5312K, reserved 1048576K
}
Event: 19.973 GC heap after
{Heap after GC invocations=14 (full 0):
 garbage-first heap   total 83968K, used 42808K [0x0000000701c00000, 0x0000000800000000)
  region size 2048K, 2 young (4096K), 2 survivors (4096K)
 Metaspace       used 44470K, committed 44736K, reserved 1114112K
  class space    used 5217K, committed 5312K, reserved 1048576K
}
Event: 20.567 GC heap before
{Heap before GC invocations=14 (full 0):
 garbage-first heap   total 83968K, used 61240K [0x0000000701c00000, 0x0000000800000000)
  region size 2048K, 12 young (24576K), 2 survivors (4096K)
 Metaspace       used 44624K, committed 44928K, reserved 1114112K
  class space    used 5219K, committed 5376K, reserved 1048576K
}
Event: 20.586 GC heap after
{Heap after GC invocations=15 (full 0):
 garbage-first heap   total 83968K, used 49818K [0x0000000701c00000, 0x0000000800000000)
  region size 2048K, 2 young (4096K), 2 survivors (4096K)
 Metaspace       used 44624K, committed 44928K, reserved 1114112K
  class space    used 5219K, committed 5376K, reserved 1048576K
}
Event: 21.079 GC heap before
{Heap before GC invocations=16 (full 0):
 garbage-first heap   total 90112K, used 62106K [0x0000000701c00000, 0x0000000800000000)
  region size 2048K, 8 young (16384K), 2 survivors (4096K)
 Metaspace       used 44635K, committed 44928K, reserved 1114112K
  class space    used 5219K, committed 5376K, reserved 1048576K
}
Event: 21.096 GC heap after
{Heap after GC invocations=17 (full 0):
 garbage-first heap   total 90112K, used 54374K [0x0000000701c00000, 0x0000000800000000)
  region size 2048K, 1 young (2048K), 1 survivors (2048K)
 Metaspace       used 44635K, committed 44928K, reserved 1114112K
  class space    used 5219K, committed 5376K, reserved 1048576K
}

