# JRE version: Java(TM) SE Runtime Environment (17.0.12+8) (build 17.0.12+8-LTS-286)
# Java VM: Java HotSpot(TM) 64-Bit Server VM (17.0.12+8-LTS-286, mixed mode, sharing, tiered, compressed oops, compressed class ptrs, g1 gc, windows-amd64)
GC Precious Log:
 CPUs: 8 total, 8 available
 Memory: 16264M
 Large Page Support: Disabled
 NUMA Support: Disabled
 Compressed Oops: Enabled (Zero based)
 Heap Region Size: 2M
 Heap Min Capacity: 8M
 Heap Initial Capacity: 256M
 Heap Max Capacity: 4068M
 Pre-touch: Disabled
 Parallel Workers: 8
 Concurrent Workers: 2
 Concurrent Refinement Workers: 8
 Periodic GC: Disabled
Heap:
 garbage-first heap   total 344064K, used 219941K [0x0000000701c00000, 0x0000000800000000)
  region size 2048K, 3 young (6144K), 3 survivors (6144K)
 Metaspace       used 80141K, committed 80448K, reserved 1179648K
  class space    used 8377K, committed 8512K, reserved 1048576K
GC Heap History (20 events):
Event: 32.793 GC heap after
{Heap after GC invocations=30 (full 0):
 garbage-first heap   total 206848K, used 118909K [0x0000000701c00000, 0x0000000800000000)
  region size 2048K, 2 young (4096K), 2 survivors (4096K)
 Metaspace       used 62115K, committed 62400K, reserved 1114112K
  class space    used 6726K, committed 6848K, reserved 1048576K
}
Event: 37.109 GC heap before
{Heap before GC invocations=31 (full 0):
 garbage-first heap   total 206848K, used 163965K [0x0000000701c00000, 0x0000000800000000)
  region size 2048K, 24 young (49152K), 2 survivors (4096K)
 Metaspace       used 62906K, committed 63168K, reserved 1114112K
  class space    used 6738K, committed 6848K, reserved 1048576K
}
Event: 37.128 GC heap after
{Heap after GC invocations=32 (full 0):
 garbage-first heap   total 206848K, used 119632K [0x0000000701c00000, 0x0000000800000000)
  region size 2048K, 1 young (2048K), 1 survivors (2048K)
 Metaspace       used 62906K, committed 63168K, reserved 1114112K
  class space    used 6738K, committed 6848K, reserved 1048576K
}
Event: 37.743 GC heap before
{Heap before GC invocations=32 (full 0):
 garbage-first heap   total 206848K, used 127824K [0x0000000701c00000, 0x0000000800000000)
  region size 2048K, 5 young (10240K), 1 survivors (2048K)
 Metaspace       used 63008K, committed 63296K, reserved 1114112K
  class space    used 6752K, committed 6912K, reserved 1048576K
}
Event: 37.751 GC heap after
{Heap after GC invocations=33 (full 0):
 garbage-first heap   total 206848K, used 118882K [0x0000000701c00000, 0x0000000800000000)
  region size 2048K, 1 young (2048K), 1 survivors (2048K)
 Metaspace       used 63008K, committed 63296K, reserved 1114112K
  class space    used 6752K, committed 6912K, reserved 1048576K
}
Event: 38.712 GC heap before
{Heap before GC invocations=33 (full 0):
 garbage-first heap   total 206848K, used 168034K [0x0000000701c00000, 0x0000000800000000)
  region size 2048K, 25 young (51200K), 1 survivors (2048K)
 Metaspace       used 63217K, committed 63488K, reserved 1114112K
  class space    used 6771K, committed 6912K, reserved 1048576K
}
Event: 38.730 GC heap after
{Heap after GC invocations=34 (full 0):
 garbage-first heap   total 206848K, used 128296K [0x0000000701c00000, 0x0000000800000000)
  region size 2048K, 4 young (8192K), 4 survivors (8192K)
 Metaspace       used 63217K, committed 63488K, reserved 1114112K
  class space    used 6771K, committed 6912K, reserved 1048576K
}
Event: 39.643 GC heap before
{Heap before GC invocations=35 (full 0):
 garbage-first heap   total 233472K, used 167208K [0x0000000701c00000, 0x0000000800000000)
  region size 2048K, 23 young (47104K), 4 survivors (8192K)
 Metaspace       used 63340K, committed 63616K, reserved 1114112K
  class space    used 6775K, committed 6912K, reserved 1048576K
}
Event: 39.658 GC heap after
{Heap after GC invocations=36 (full 0):
 garbage-first heap   total 233472K, used 135168K [0x0000000701c00000, 0x0000000800000000)
  region size 2048K, 3 young (6144K), 3 survivors (6144K)
 Metaspace       used 63340K, committed 63616K, reserved 1114112K
  class space    used 6775K, committed 6912K, reserved 1048576K
}
Event: 39.689 GC heap before
{Heap before GC invocations=36 (full 0):
 garbage-first heap   total 233472K, used 139264K [0x0000000701c00000, 0x0000000800000000)
  region size 2048K, 5 young (10240K), 3 survivors (6144K)
 Metaspace       used 63368K, committed 63680K, reserved 1114112K
  class space    used 6775K, committed 6912K, reserved 1048576K
}
Event: 39.714 GC heap after
{Heap after GC invocations=37 (full 0):
 garbage-first heap   total 344064K, used 136271K [0x0000000701c00000, 0x0000000800000000)
  region size 2048K, 1 young (2048K), 1 survivors (2048K)
 Metaspace       used 63368K, committed 63680K, reserved 1114112K
  class space    used 6775K, committed 6912K, reserved 1048576K
}
Event: 44.223 GC heap before
{Heap before GC invocations=37 (full 0):
 garbage-first heap   total 344064K, used 265295K [0x0000000701c00000, 0x0000000800000000)
  region size 2048K, 64 young (131072K), 1 survivors (2048K)
 Metaspace       used 69677K, committed 70016K, reserved 1114112K
  class space    used 7323K, committed 7488K, reserved 1048576K
}
Event: 44.240 GC heap after
{Heap after GC invocations=38 (full 0):
 garbage-first heap   total 344064K, used 156008K [0x0000000701c00000, 0x0000000800000000)
  region size 2048K, 8 young (16384K), 8 survivors (16384K)
 Metaspace       used 69677K, committed 70016K, reserved 1114112K
  class space    used 7323K, committed 7488K, reserved 1048576K
}
Event: 46.362 GC heap before
{Heap before GC invocations=38 (full 0):
 garbage-first heap   total 344064K, used 258408K [0x0000000701c00000, 0x0000000800000000)
  region size 2048K, 58 young (118784K), 8 survivors (16384K)
 Metaspace       used 71638K, committed 72000K, reserved 1114112K
  class space    used 7453K, committed 7616K, reserved 1048576K
}
Event: 46.392 GC heap after
{Heap after GC invocations=39 (full 0):
 garbage-first heap   total 344064K, used 180049K [0x0000000701c00000, 0x0000000800000000)
  region size 2048K, 8 young (16384K), 8 survivors (16384K)
 Metaspace       used 71638K, committed 72000K, reserved 1114112K
  class space    used 7453K, committed 7616K, reserved 1048576K
}
Event: 47.707 GC heap before
{Heap before GC invocations=39 (full 0):
 garbage-first heap   total 344064K, used 266065K [0x0000000701c00000, 0x0000000800000000)
  region size 2048K, 50 young (102400K), 8 survivors (16384K)
 Metaspace       used 71873K, committed 72192K, reserved 1114112K
  class space    used 7464K, committed 7616K, reserved 1048576K
}
Event: 47.734 GC heap after
{Heap after GC invocations=40 (full 0):
 garbage-first heap   total 344064K, used 201173K [0x0000000701c00000, 0x0000000800000000)
  region size 2048K, 7 young (14336K), 7 survivors (14336K)
 Metaspace       used 71873K, committed 72192K, reserved 1114112K
  class space    used 7464K, committed 7616K, reserved 1048576K
}
Event: 48.925 GC heap before
{Heap before GC invocations=40 (full 0):
 garbage-first heap   total 344064K, used 270805K [0x0000000701c00000, 0x0000000800000000)
  region size 2048K, 41 young (83968K), 7 survivors (14336K)
 Metaspace       used 74061K, committed 74368K, reserved 1179648K
  class space    used 7626K, committed 7744K, reserved 1048576K
}
Event: 48.952 GC heap after
{Heap after GC invocations=41 (full 0):
 garbage-first heap   total 344064K, used 214049K [0x0000000701c00000, 0x0000000800000000)
  region size 2048K, 6 young (12288K), 6 survivors (12288K)
 Metaspace       used 74061K, committed 74368K, reserved 1179648K
  class space    used 7626K, committed 7744K, reserved 1048576K
}
Event: 50.755 GC heap before
{Heap before GC invocations=41 (full 0):
 garbage-first heap   total 344064K, used 275489K [0x0000000701c00000, 0x0000000800000000)
  region size 2048K, 36 young (73728K), 6 survivors (12288K)
 Metaspace       used 80141K, committed 80448K, reserved 1179648K
  class space    used 8377K, committed 8512K, reserved 1048576K
}

