# JRE version: Java(TM) SE Runtime Environment (17.0.12+8) (build 17.0.12+8-LTS-286)
# Java VM: Java HotSpot(TM) 64-Bit Server VM (17.0.12+8-LTS-286, mixed mode, sharing, tiered, compressed oops, compressed class ptrs, g1 gc, windows-amd64)
GC Precious Log:
 CPUs: 8 total, 8 available
 Memory: 16264M
 Large Page Support: Disabled
 NUMA Support: Disabled
 Compressed Oops: Enabled (Zero based)
 Heap Region Size: 2M
 Heap Min Capacity: 8M
 Heap Initial Capacity: 256M
 Heap Max Capacity: 4068M
 Pre-touch: Disabled
 Parallel Workers: 8
 Concurrent Workers: 2
 Concurrent Refinement Workers: 8
 Periodic GC: Disabled
Heap:
 garbage-first heap   total 102400K, used 60028K [0x0000000701c00000, 0x0000000800000000)
  region size 2048K, 3 young (6144K), 2 survivors (4096K)
 Metaspace       used 56367K, committed 56640K, reserved 1114112K
  class space    used 6549K, committed 6656K, reserved 1048576K
GC Heap History (20 events):
Event: 10.260 GC heap before
{Heap before GC invocations=11 (full 0):
 garbage-first heap   total 69632K, used 48530K [0x0000000701c00000, 0x0000000800000000)
  region size 2048K, 14 young (28672K), 2 survivors (4096K)
 Metaspace       used 43022K, committed 43328K, reserved 1114112K
  class space    used 5172K, committed 5312K, reserved 1048576K
}
Event: 10.282 GC heap after
{Heap after GC invocations=12 (full 0):
 garbage-first heap   total 69632K, used 32190K [0x0000000701c00000, 0x0000000800000000)
  region size 2048K, 2 young (4096K), 2 survivors (4096K)
 Metaspace       used 43022K, committed 43328K, reserved 1114112K
  class space    used 5172K, committed 5312K, reserved 1048576K
}
Event: 11.157 GC heap before
{Heap before GC invocations=12 (full 0):
 garbage-first heap   total 69632K, used 46526K [0x0000000701c00000, 0x0000000800000000)
  region size 2048K, 10 young (20480K), 2 survivors (4096K)
 Metaspace       used 45183K, committed 45504K, reserved 1114112K
  class space    used 5540K, committed 5696K, reserved 1048576K
}
Event: 11.177 GC heap after
{Heap after GC invocations=13 (full 0):
 garbage-first heap   total 69632K, used 36254K [0x0000000701c00000, 0x0000000800000000)
  region size 2048K, 2 young (4096K), 2 survivors (4096K)
 Metaspace       used 45183K, committed 45504K, reserved 1114112K
  class space    used 5540K, committed 5696K, reserved 1048576K
}
Event: 12.173 GC heap before
{Heap before GC invocations=13 (full 0):
 garbage-first heap   total 69632K, used 50590K [0x0000000701c00000, 0x0000000800000000)
  region size 2048K, 9 young (18432K), 2 survivors (4096K)
 Metaspace       used 46760K, committed 47040K, reserved 1114112K
  class space    used 5700K, committed 5824K, reserved 1048576K
}
Event: 12.189 GC heap after
{Heap after GC invocations=14 (full 0):
 garbage-first heap   total 83968K, used 40227K [0x0000000701c00000, 0x0000000800000000)
  region size 2048K, 2 young (4096K), 2 survivors (4096K)
 Metaspace       used 46760K, committed 47040K, reserved 1114112K
  class space    used 5700K, committed 5824K, reserved 1048576K
}
Event: 13.983 GC heap before
{Heap before GC invocations=15 (full 0):
 garbage-first heap   total 83968K, used 58659K [0x0000000701c00000, 0x0000000800000000)
  region size 2048K, 11 young (22528K), 2 survivors (4096K)
 Metaspace       used 48867K, committed 49216K, reserved 1114112K
  class space    used 5930K, committed 6080K, reserved 1048576K
}
Event: 13.997 GC heap after
{Heap after GC invocations=16 (full 0):
 garbage-first heap   total 83968K, used 43413K [0x0000000701c00000, 0x0000000800000000)
  region size 2048K, 2 young (4096K), 2 survivors (4096K)
 Metaspace       used 48867K, committed 49216K, reserved 1114112K
  class space    used 5930K, committed 6080K, reserved 1048576K
}
Event: 16.103 GC heap before
{Heap before GC invocations=16 (full 0):
 garbage-first heap   total 83968K, used 59797K [0x0000000701c00000, 0x0000000800000000)
  region size 2048K, 10 young (20480K), 2 survivors (4096K)
 Metaspace       used 50453K, committed 50752K, reserved 1114112K
  class space    used 6113K, committed 6272K, reserved 1048576K
}
Event: 16.119 GC heap after
{Heap after GC invocations=17 (full 0):
 garbage-first heap   total 83968K, used 46939K [0x0000000701c00000, 0x0000000800000000)
  region size 2048K, 2 young (4096K), 2 survivors (4096K)
 Metaspace       used 50453K, committed 50752K, reserved 1114112K
  class space    used 6113K, committed 6272K, reserved 1048576K
}
Event: 18.353 GC heap before
{Heap before GC invocations=18 (full 0):
 garbage-first heap   total 86016K, used 61275K [0x0000000701c00000, 0x0000000800000000)
  region size 2048K, 9 young (18432K), 2 survivors (4096K)
 Metaspace       used 51509K, committed 51840K, reserved 1114112K
  class space    used 6182K, committed 6336K, reserved 1048576K
}
Event: 18.370 GC heap after
{Heap after GC invocations=19 (full 0):
 garbage-first heap   total 86016K, used 49882K [0x0000000701c00000, 0x0000000800000000)
  region size 2048K, 2 young (4096K), 2 survivors (4096K)
 Metaspace       used 51509K, committed 51840K, reserved 1114112K
  class space    used 6182K, committed 6336K, reserved 1048576K
}
Event: 19.467 GC heap before
{Heap before GC invocations=19 (full 0):
 garbage-first heap   total 86016K, used 64218K [0x0000000701c00000, 0x0000000800000000)
  region size 2048K, 9 young (18432K), 2 survivors (4096K)
 Metaspace       used 52103K, committed 52352K, reserved 1114112K
  class space    used 6221K, committed 6336K, reserved 1048576K
}
Event: 19.482 GC heap after
{Heap after GC invocations=20 (full 0):
 garbage-first heap   total 86016K, used 52963K [0x0000000701c00000, 0x0000000800000000)
  region size 2048K, 2 young (4096K), 2 survivors (4096K)
 Metaspace       used 52103K, committed 52352K, reserved 1114112K
  class space    used 6221K, committed 6336K, reserved 1048576K
}
Event: 20.077 GC heap before
{Heap before GC invocations=21 (full 0):
 garbage-first heap   total 100352K, used 65251K [0x0000000701c00000, 0x0000000800000000)
  region size 2048K, 8 young (16384K), 2 survivors (4096K)
 Metaspace       used 52312K, committed 52544K, reserved 1114112K
  class space    used 6222K, committed 6336K, reserved 1048576K
}
Event: 20.091 GC heap after
{Heap after GC invocations=22 (full 0):
 garbage-first heap   total 100352K, used 55573K [0x0000000701c00000, 0x0000000800000000)
  region size 2048K, 1 young (2048K), 1 survivors (2048K)
 Metaspace       used 52312K, committed 52544K, reserved 1114112K
  class space    used 6222K, committed 6336K, reserved 1048576K
}
Event: 22.670 GC heap before
{Heap before GC invocations=22 (full 0):
 garbage-first heap   total 100352K, used 71957K [0x0000000701c00000, 0x0000000800000000)
  region size 2048K, 10 young (20480K), 1 survivors (2048K)
 Metaspace       used 55626K, committed 55936K, reserved 1114112K
  class space    used 6510K, committed 6656K, reserved 1048576K
}
Event: 22.682 GC heap after
{Heap after GC invocations=23 (full 0):
 garbage-first heap   total 100352K, used 56885K [0x0000000701c00000, 0x0000000800000000)
  region size 2048K, 2 young (4096K), 2 survivors (4096K)
 Metaspace       used 55626K, committed 55936K, reserved 1114112K
  class space    used 6510K, committed 6656K, reserved 1048576K
}
Event: 25.526 GC heap before
{Heap before GC invocations=24 (full 0):
 garbage-first heap   total 102400K, used 75317K [0x0000000701c00000, 0x0000000800000000)
  region size 2048K, 11 young (22528K), 2 survivors (4096K)
 Metaspace       used 56360K, committed 56640K, reserved 1114112K
  class space    used 6549K, committed 6656K, reserved 1048576K
}
Event: 25.546 GC heap after
{Heap after GC invocations=25 (full 0):
 garbage-first heap   total 102400K, used 60028K [0x0000000701c00000, 0x0000000800000000)
  region size 2048K, 2 young (4096K), 2 survivors (4096K)
 Metaspace       used 56360K, committed 56640K, reserved 1114112K
  class space    used 6549K, committed 6656K, reserved 1048576K
}

